info2019/01/03 11:43:01 server.go:38: SELECT COUNT(1) AS c  FROM visual_editorial_group
info2019/01/03 11:43:01 server.go:59: map[c:616]
info2019/01/03 11:43:01 server.go:64: SELECT g.group_id,title,img_date,g.group_pics_num,detail.equalw_url,detail.equalw_image_id,detail.equalh_url,detail.equalh_image_id,detail.url800,detail.url800_image_id from visual_editorial_group as g inner JOIN visual_editorial_group_detail as detail  on g.group_id = detail.group_id   ORDER BY img_date DESC LIMIT 0,100
info2019/01/03 11:43:01 server.go:64: SELECT id,file_name from visual_editorial_pic_images where id in(7821,7638,7662,7677,7686,7743,7773,7594,7668,7716,7785,7680,7704,7600,7603,7618,7656,7659,7665,7758,7761,7860,7869,7633,7644,7755,7809,7827,7884,7701,7731,7740,7749,7776,7797,7800,7812,7615,7627,7671,7719,7788,7791,7830,7866,7606,7650,7689,7746,7854,7863,7842,7878,7597,7612,7707,7713,7806,7630,7764,7836,7851,7881,7609,7695,7803,7875,7621,7683,7710,7815,7818,7824,7698,7779,7794,7833,7899,7624,7692,7737,7839,7872,7591,7641,7722,7752,7636,7725,7767,7782,7845,7857,7647,7653,7674,7728,7734,7770) LIMIT 0,100
info2019/01/03 11:43:01 server.go:64: SELECT type,text,origin_imgurl,img_id,link_id,img_width FROM visual_editorial_banner ORDER BY id DESC,img_width ASC LIMIT 0,12
info2019/01/03 11:46:39 server.go:38: SELECT COUNT(1) AS c  FROM visual_editorial_group
info2019/01/03 11:46:39 server.go:59: map[c:616]
info2019/01/03 11:46:39 server.go:64: SELECT g.group_id,title,img_date,g.group_pics_num,detail.equalw_url,detail.equalw_image_id,detail.equalh_url,detail.equalh_image_id,detail.url800,detail.url800_image_id from visual_editorial_group as g inner JOIN visual_editorial_group_detail as detail  on g.group_id = detail.group_id   ORDER BY img_date DESC LIMIT 0,100
info2019/01/03 11:46:39 server.go:64: SELECT id,file_name from visual_editorial_pic_images where id in(7794,7803,7597,7630,7638,7686,7719,7779,7878,7881,7612,7671,7680,7698,7752,7782,7707,7776,7821,7842,7851,7899,7665,7704,7806,7818,7863,7869,7644,7734,7740,7773,7824,7827,7836,7606,7624,7659,7689,7764,7797,7872,7600,7650,7656,7728,7785,7875,7636,7701,7731,7854,7791,7884,7621,7633,7653,7692,7713,7761,7618,7809,7857,7627,7668,7683,7737,7743,7746,7749,7591,7609,7674,7695,7716,7725,7758,7839,7812,7866,7800,7815,7603,7615,7647,7710,7722,7755,7641,7767,7770,7833,7860,7594,7662,7677,7788,7830,7845) LIMIT 0,100
info2019/01/03 11:46:39 server.go:64: SELECT type,text,origin_imgurl,img_id,link_id,img_width FROM visual_editorial_banner ORDER BY id DESC,img_width ASC LIMIT 0,12
info2019/01/03 11:51:54 server.go:38: SELECT COUNT(1) AS c  FROM visual_editorial_group
info2019/01/03 11:51:54 server.go:59: map[c:616]
info2019/01/03 11:51:54 server.go:64: SELECT g.group_id,title,img_date,g.group_pics_num,detail.equalw_url,detail.equalw_image_id,detail.equalh_url,detail.equalh_image_id,detail.url800,detail.url800_image_id from visual_editorial_group as g inner JOIN visual_editorial_group_detail as detail  on g.group_id = detail.group_id   ORDER BY img_date DESC LIMIT 0,100
info2019/01/03 11:51:54 server.go:64: SELECT id,file_name from visual_editorial_pic_images where id in(7734,7737,7746,7833,7839,7854,7716,7591,7633,7683,7692,7752,7782,7857,7603,7630,7636,7686,7722,7743,7776,7600,7674,7707,7740,7773,7818,7851,7881,7650,7785,7878,7749,7719,7800,7803,7809,7830,7872,7677,7713,7728,7836,7869,7884,7615,7606,7638,7656,7668,7695,7701,7761,7594,7779,7812,7824,7845,7860,7764,7627,7665,7866,7618,7704,7767,7815,7821,7827,7842,7624,7644,7647,7659,7662,7671,7621,7788,7794,7731,7791,7863,7597,7641,7653,7680,7710,7725,7755,7758,7609,7806,7689,7698,7770,7797,7875,7899,7612) LIMIT 0,100
info2019/01/03 11:51:54 server.go:64: SELECT type,text,origin_imgurl,img_id,link_id,img_width FROM visual_editorial_banner ORDER BY id DESC,img_width ASC LIMIT 0,12
info2019/01/03 11:51:54 server.go:64: SELECT id,file_name from visual_editorial_pic_images where id in(532,529,528,534,533,536,535,531,530,527,538,537) LIMIT 0,12
info2019/01/03 12:02:45 server.go:38: SELECT COUNT(1) AS c  FROM visual_editorial_group
info2019/01/03 12:02:45 server.go:59: map[c:616]
info2019/01/03 12:02:45 server.go:64: SELECT g.group_id,title,img_date,g.group_pics_num,detail.equalw_url,detail.equalw_image_id,detail.equalh_url,detail.equalh_image_id,detail.url800,detail.url800_image_id from visual_editorial_group as g inner JOIN visual_editorial_group_detail as detail  on g.group_id = detail.group_id   ORDER BY img_date DESC LIMIT 0,100
info2019/01/03 12:02:45 server.go:64: SELECT id,file_name from visual_editorial_pic_images where id in(7594,7782,7785,7794,7803,7668,7842,7854,7899,7638,7704,7755,7788,7827,7612,7650,7671,7695,7770,7758,7800,7815,7597,7600,7662,7689,7731,7821,7857,7884,7719,7797,7818,7722,7725,7830,7860,7863,7878,7692,7728,7737,7743,7764,7680,7746,7809,7824,7740,7773,7606,7609,7624,7653,7701,7845,7875,7665,7767,7779,7806,7603,7683,7752,7812,7866,7881,7630,7633,7636,7674,7839,7749,7761,7851,7621,7647,7659,7710,7713,7869,7618,7627,7644,7698,7872,7686,7707,7716,7591,7615,7641,7656,7677,7734,7776,7791,7833,7836) LIMIT 0,100
info2019/01/03 12:02:45 server.go:64: SELECT type,text,origin_imgurl,img_id,link_id,img_width FROM visual_editorial_banner ORDER BY id DESC,img_width ASC LIMIT 0,12
info2019/01/03 12:02:45 server.go:64: SELECT id,file_name from visual_editorial_pic_images where id in(538,536,532,531,530,529,537,535,534,533,528,527) LIMIT 0,12
info2019/01/03 12:02:45 server.go:38: SELECT COUNT(1) AS c  FROM visual_editorial_group
info2019/01/03 12:02:45 server.go:59: map[c:616]
info2019/01/03 12:02:45 server.go:64: SELECT g.group_id,title,img_date,g.group_pics_num,detail.equalw_url,detail.equalw_image_id,detail.equalh_url,detail.equalh_image_id,detail.url800,detail.url800_image_id from visual_editorial_group as g inner JOIN visual_editorial_group_detail as detail  on g.group_id = detail.group_id   ORDER BY img_date DESC LIMIT 0,100
info2019/01/03 12:02:45 server.go:64: SELECT id,file_name from visual_editorial_pic_images where id in(7866,7881,7644,7674,7740,7809,7836,7857,7770,7612,7683,7701,7713,7737,7755,7776,7824,7842,7636,7647,7689,7728,7794,7800,7872,7698,7710,7600,7609,7630,7638,7659,7665,7791,7851,7884,7785,7806,7860,7863,7869,7621,7656,7767,7716,7812,7818,7845,7594,7606,7695,7719,7875,7899,7854,7878,7671,7779,7788,7833,7839,7821,7633,7677,7725,7761,7764,7803,7650,7692,7743,7830,7704,7707,7597,7603,7615,7624,7653,7686,7734,7749,7591,7618,7731,7758,7773,7797,7641,7662,7680,7746,7827,7627,7668,7722,7752,7782,7815) LIMIT 0,100
info2019/01/03 12:02:45 server.go:64: SELECT type,text,origin_imgurl,img_id,link_id,img_width FROM visual_editorial_banner ORDER BY id DESC,img_width ASC LIMIT 0,12
info2019/01/03 12:02:45 server.go:64: SELECT id,file_name from visual_editorial_pic_images where id in(537,536,531,528,527,538,534,533,532,530,529,535) LIMIT 0,12
info2019/01/03 12:03:38 server.go:38: SELECT COUNT(1) AS c  FROM visual_editorial_group
info2019/01/03 12:03:38 server.go:59: map[c:616]
info2019/01/03 12:03:38 server.go:64: SELECT g.group_id,title,img_date,g.group_pics_num,detail.equalw_url,detail.equalw_image_id,detail.equalh_url,detail.equalh_image_id,detail.url800,detail.url800_image_id from visual_editorial_group as g inner JOIN visual_editorial_group_detail as detail  on g.group_id = detail.group_id   ORDER BY img_date DESC LIMIT 0,100
info2019/01/03 12:03:38 server.go:64: SELECT id,file_name from visual_editorial_pic_images where id in(7647,7653,7689,7746,7788,7851,7881,7606,7677,7698,7701,7707,7725,7737,7755,7636,7839,7650,7659,7695,7722,7734,7770,7785,7638,7863,7713,7752,7800,7842,7600,7692,7710,7827,7878,7899,7668,7641,7758,7761,7767,7794,7818,7857,7624,7875,7716,7731,7764,7779,7797,7824,7594,7644,7674,7815,7845,7621,7633,7680,7719,7884,7612,7749,7812,7872,7665,7662,7627,7671,7683,7830,7597,7603,7630,7686,7740,7776,7860,7866,7591,7869,7618,7728,7743,7791,7806,7809,7836,7854,7656,7773,7803,7615,7704,7782,7821,7833,7609) LIMIT 0,100
info2019/01/03 12:03:38 server.go:64: SELECT type,text,origin_imgurl,img_id,link_id,img_width FROM visual_editorial_banner ORDER BY id DESC,img_width ASC LIMIT 0,12
info2019/01/03 12:03:38 server.go:64: SELECT id,file_name from visual_editorial_pic_images where id in(534,532,530,529,538,537,533,531,528,527,536,535) LIMIT 0,12
info2019/01/03 12:03:38 server.go:38: SELECT COUNT(1) AS c  FROM visual_editorial_group
info2019/01/03 12:03:38 server.go:59: map[c:616]
info2019/01/03 12:03:38 server.go:64: SELECT g.group_id,title,img_date,g.group_pics_num,detail.equalw_url,detail.equalw_image_id,detail.equalh_url,detail.equalh_image_id,detail.url800,detail.url800_image_id from visual_editorial_group as g inner JOIN visual_editorial_group_detail as detail  on g.group_id = detail.group_id   ORDER BY img_date DESC LIMIT 0,100
info2019/01/03 12:03:38 server.go:64: SELECT id,file_name from visual_editorial_pic_images where id in(7638,7737,7752,7842,7866,7603,7621,7656,7659,7746,7827,7836,7644,7647,7671,7698,7713,7719,7761,7773,7791,7797,7851,7872,7600,7665,7725,7833,7627,7677,7707,7839,7854,7881,7630,7674,7680,7734,7767,7776,7785,7618,7641,7812,7875,7884,7650,7662,7758,7782,7803,7860,7668,7695,7704,7722,7731,7749,7818,7878,7689,7716,7770,7821,7597,7615,7701,7863,7899,7591,7606,7609,7743,7755,7788,7809,7815,7728,7764,7857,7869,7636,7683,7686,7779,7800,7806,7824,7845,7633,7653,7692,7710,7830,7594,7612,7624,7740,7794) LIMIT 0,100
info2019/01/03 12:03:38 server.go:64: SELECT type,text,origin_imgurl,img_id,link_id,img_width FROM visual_editorial_banner ORDER BY id DESC,img_width ASC LIMIT 0,12
info2019/01/03 12:03:38 server.go:64: SELECT id,file_name from visual_editorial_pic_images where id in(533,532,531,530,528,537,536,534,529,527,538,535) LIMIT 0,12
info2019/01/03 12:03:38 server.go:38: SELECT COUNT(1) AS c  FROM visual_editorial_group
info2019/01/03 12:03:38 server.go:59: map[c:616]
info2019/01/03 12:03:38 server.go:64: SELECT g.group_id,title,img_date,g.group_pics_num,detail.equalw_url,detail.equalw_image_id,detail.equalh_url,detail.equalh_image_id,detail.url800,detail.url800_image_id from visual_editorial_group as g inner JOIN visual_editorial_group_detail as detail  on g.group_id = detail.group_id   ORDER BY img_date DESC LIMIT 0,100
info2019/01/03 12:03:39 server.go:64: SELECT id,file_name from visual_editorial_pic_images where id in(7725,7746,7752,7755,7770,7794,7630,7710,7881,7884,7839,7878,7791,7824,7863,7872,7875,7728,7740,7761,7779,7782,7899,7609,7653,7695,7812,7842,7845,7612,7636,7680,7800,7624,7668,7836,7851,7615,7773,7665,7701,7734,7815,7597,7603,7731,7767,7869,7600,7722,7806,7857,7689,7785,7704,7716,7743,7749,7776,7788,7606,7621,7803,7818,7833,7860,7644,7707,7866,7677,7827,7641,7659,7662,7764,7591,7633,7698,7758,7797,7821,7854,7671,7674,7627,7638,7647,7650,7683,7686,7594,7618,7713,7737,7719,7809,7830,7656,7692) LIMIT 0,100
info2019/01/03 12:03:39 server.go:64: SELECT type,text,origin_imgurl,img_id,link_id,img_width FROM visual_editorial_banner ORDER BY id DESC,img_width ASC LIMIT 0,12
info2019/01/03 12:03:39 server.go:64: SELECT id,file_name from visual_editorial_pic_images where id in(530,529,528,527,538,537,536,533,535,534,532,531) LIMIT 0,12
info2019/01/03 12:03:39 server.go:38: SELECT COUNT(1) AS c  FROM visual_editorial_group
info2019/01/03 12:03:39 server.go:59: map[c:616]
info2019/01/03 12:03:39 server.go:64: SELECT g.group_id,title,img_date,g.group_pics_num,detail.equalw_url,detail.equalw_image_id,detail.equalh_url,detail.equalh_image_id,detail.url800,detail.url800_image_id from visual_editorial_group as g inner JOIN visual_editorial_group_detail as detail  on g.group_id = detail.group_id   ORDER BY img_date DESC LIMIT 0,100
info2019/01/03 12:03:39 server.go:64: SELECT id,file_name from visual_editorial_pic_images where id in(7743,7779,7851,7603,7686,7656,7701,7791,7591,7621,7636,7695,7740,7830,7618,7627,7683,7728,7773,7782,7872,7878,7600,7668,7698,7749,7788,7824,7836,7612,7615,7857,7884,7689,7767,7806,7609,7647,7800,7833,7863,7746,7776,7653,7680,7716,7815,7821,7633,7641,7713,7755,7794,7827,7866,7638,7644,7731,7812,7881,7707,7725,7674,7704,7722,7734,7899,7594,7650,7818,7842,7854,7869,7606,7737,7659,7719,7752,7770,7839,7875,7665,7677,7692,7761,7764,7785,7797,7803,7597,7624,7845,7671,7710,7758,7809,7860,7630,7662) LIMIT 0,100
info2019/01/03 12:03:39 server.go:64: SELECT type,text,origin_imgurl,img_id,link_id,img_width FROM visual_editorial_banner ORDER BY id DESC,img_width ASC LIMIT 0,12
info2019/01/03 12:03:39 server.go:64: SELECT id,file_name from visual_editorial_pic_images where id in(536,535,531,530,528,527,538,537,534,533,532,529) LIMIT 0,12
info2019/01/03 12:03:54 server.go:38: SELECT COUNT(1) AS c  FROM visual_editorial_group
info2019/01/03 12:03:54 server.go:59: map[c:616]
info2019/01/03 12:03:54 server.go:64: SELECT g.group_id,title,img_date,g.group_pics_num,detail.equalw_url,detail.equalw_image_id,detail.equalh_url,detail.equalh_image_id,detail.url800,detail.url800_image_id from visual_editorial_group as g inner JOIN visual_editorial_group_detail as detail  on g.group_id = detail.group_id   ORDER BY img_date DESC LIMIT 0,100
info2019/01/03 12:03:54 server.go:64: SELECT id,file_name from visual_editorial_pic_images where id in(7845,7863,7633,7636,7644,7674,7695,7812,7734,7770,7788,7800,7821,7842,7749,7782,7815,7857,7899,7597,7638,7713,7773,7806,7839,7719,7758,7612,7630,7650,7671,7737,7609,7866,7677,7698,7591,7615,7618,7656,7659,7665,7731,7746,7755,7767,7776,7869,7683,7701,7803,7875,7728,7761,7603,7647,7680,7707,7710,7725,7797,7824,7872,7878,7621,7686,7779,7791,7830,7836,7641,7785,7809,7854,7624,7704,7740,7752,7851,7594,7668,7689,7833,7818,7881,7600,7606,7692,7716,7764,7794,7884,7827,7860,7627,7653,7662,7722,7743) LIMIT 0,100
info2019/01/03 12:03:54 server.go:64: SELECT type,text,origin_imgurl,img_id,link_id,img_width FROM visual_editorial_banner ORDER BY id DESC,img_width ASC LIMIT 0,12
info2019/01/03 12:03:54 server.go:64: SELECT id,file_name from visual_editorial_pic_images where id in(530,529,527,535,531,536,534,533,532,528,538,537) LIMIT 0,12
info2019/01/03 12:09:05 server.go:38: SELECT COUNT(1) AS c  FROM visual_editorial_group
info2019/01/03 12:09:05 server.go:59: map[c:616]
info2019/01/03 12:09:05 server.go:64: SELECT g.group_id,title,img_date,g.group_pics_num,detail.equalw_url,detail.equalw_image_id,detail.equalh_url,detail.equalh_image_id,detail.url800,detail.url800_image_id from visual_editorial_group as g inner JOIN visual_editorial_group_detail as detail  on g.group_id = detail.group_id   ORDER BY img_date DESC LIMIT 0,100
info2019/01/03 12:09:05 server.go:64: SELECT id,file_name from visual_editorial_pic_images where id in(7615,7644,7836,7764,7779,7851,7854,7857,7797,7845,7606,7647,7698,7707,7743,7794,7863,7884,7618,7758,7785,7839,7899,7761,7767,7641,7662,7686,7719,7740,7752,7818,7833,7842,7875,7683,7710,7749,7869,7597,7600,7624,7659,7812,7594,7638,7653,7746,7806,7656,7701,7725,7773,7791,7737,7755,7612,7627,7636,7689,7716,7734,7866,7881,7621,7650,7680,7776,7782,7827,7872,7878,7633,7671,7728,7770,7809,7830,7591,7630,7788,7668,7677,7704,7815,7821,7824,7665,7695,7713,7731,7803,7860,7603,7609,7674,7692,7722,7800) LIMIT 0,100
info2019/01/03 12:09:05 server.go:64: SELECT type,text,origin_imgurl,img_id,link_id,img_width FROM visual_editorial_banner ORDER BY id DESC,img_width ASC LIMIT 0,12
info2019/01/03 12:09:05 server.go:64: SELECT id,file_name from visual_editorial_pic_images where id in(531,530,527,536,534,533,532,528,538,537,535,529) LIMIT 0,12
info2019/01/03 12:09:06 server.go:38: SELECT COUNT(1) AS c  FROM visual_editorial_group
info2019/01/03 12:09:06 server.go:59: map[c:616]
info2019/01/03 12:09:06 server.go:64: SELECT g.group_id,title,img_date,g.group_pics_num,detail.equalw_url,detail.equalw_image_id,detail.equalh_url,detail.equalh_image_id,detail.url800,detail.url800_image_id from visual_editorial_group as g inner JOIN visual_editorial_group_detail as detail  on g.group_id = detail.group_id   ORDER BY img_date DESC LIMIT 0,100
info2019/01/03 12:09:06 server.go:64: SELECT id,file_name from visual_editorial_pic_images where id in(7638,7737,7773,7824,7854,7857,7878,7633,7722,7770,7863,7644,7659,7713,7728,7749,7761,7851,7836,7606,7612,7630,7656,7704,7791,7818,7698,7767,7794,7881,7591,7615,7827,7884,7719,7609,7618,7624,7650,7665,7683,7689,7815,7860,7872,7674,7746,7782,7803,7621,7627,7686,7752,7776,7830,7845,7603,7743,7839,7668,7677,7692,7731,7788,7875,7785,7594,7597,7647,7653,7662,7734,7764,7797,7800,7812,7821,7833,7641,7809,7842,7866,7671,7680,7710,7716,7755,7806,7600,7636,7695,7740,7869,7899,7701,7707,7725,7758,7779) LIMIT 0,100
info2019/01/03 12:09:06 server.go:64: SELECT type,text,origin_imgurl,img_id,link_id,img_width FROM visual_editorial_banner ORDER BY id DESC,img_width ASC LIMIT 0,12
info2019/01/03 12:09:06 server.go:64: SELECT id,file_name from visual_editorial_pic_images where id in(537,531,533,532,530,529,538,536,535,534,528,527) LIMIT 0,12
info2019/01/03 12:09:09 server.go:38: SELECT COUNT(1) AS c  FROM visual_editorial_group
info2019/01/03 12:09:09 server.go:59: map[c:616]
info2019/01/03 12:09:09 server.go:64: SELECT g.group_id,title,img_date,g.group_pics_num,detail.equalw_url,detail.equalw_image_id,detail.equalh_url,detail.equalh_image_id,detail.url800,detail.url800_image_id from visual_editorial_group as g inner JOIN visual_editorial_group_detail as detail  on g.group_id = detail.group_id   ORDER BY img_date DESC LIMIT 0,100
info2019/01/03 12:09:09 server.go:64: SELECT id,file_name from visual_editorial_pic_images where id in(7677,7704,7836,7872,7594,7597,7600,7665,7692,7731,7737,7761,7636,7641,7659,7686,7773,7815,7764,7785,7818,7833,7615,7624,7633,7683,7609,7689,7740,7839,7881,7630,7728,7749,7830,7863,7875,7603,7606,7806,7821,7797,7869,7878,7776,7803,7809,7857,7656,7671,7758,7899,7668,7788,7794,7824,7827,7638,7650,7710,7722,7725,7866,7612,7662,7698,7707,7695,7743,7752,7782,7591,7627,7647,7674,7767,7779,7845,7851,7621,7653,7713,7719,7884,7791,7842,7854,7860,7680,7701,7716,7755,7618,7746,7770,7644,7734,7800,7812) LIMIT 0,100
info2019/01/03 12:09:09 server.go:64: SELECT type,text,origin_imgurl,img_id,link_id,img_width FROM visual_editorial_banner ORDER BY id DESC,img_width ASC LIMIT 0,12
info2019/01/03 12:09:09 server.go:64: SELECT id,file_name from visual_editorial_pic_images where id in(528,537,534,531,530,529,527,538,536,535,533,532) LIMIT 0,12
info2019/01/03 12:09:31 server.go:38: SELECT COUNT(1) AS c  FROM visual_editorial_group
info2019/01/03 12:09:31 server.go:59: map[c:616]
info2019/01/03 12:09:31 server.go:64: SELECT g.group_id,title,img_date,g.group_pics_num,detail.equalw_url,detail.equalw_image_id,detail.equalh_url,detail.equalh_image_id,detail.url800,detail.url800_image_id from visual_editorial_group as g inner JOIN visual_editorial_group_detail as detail  on g.group_id = detail.group_id   ORDER BY img_date DESC LIMIT 0,100
info2019/01/03 12:09:31 server.go:64: SELECT id,file_name from visual_editorial_pic_images where id in(7734,7830,7597,7638,7713,7797,7800,7809,7677,7695,7767,7758,7779,7788,7875,7636,7641,7659,7752,7854,7857,7722,7791,7647,7674,7719,7836,7683,7746,7794,7761,7821,7899,7621,7680,7743,7731,7839,7606,7707,7716,7812,7815,7872,7881,7618,7644,7671,7755,7785,7692,7701,7737,7624,7668,7698,7728,7764,7591,7615,7773,7630,7633,7665,7770,7869,7603,7609,7627,7884,7740,7806,7833,7650,7656,7725,7704,7710,7818,7860,7866,7612,7686,7689,7749,7824,7827,7851,7878,7594,7600,7653,7803,7842,7845,7863,7662,7776,7782) LIMIT 0,100
info2019/01/03 12:09:31 server.go:64: SELECT type,text,origin_imgurl,img_id,link_id,img_width FROM visual_editorial_banner ORDER BY id DESC,img_width ASC LIMIT 0,12
info2019/01/03 12:09:31 server.go:64: SELECT id,file_name from visual_editorial_pic_images where id in(537,536,535,534,533,532,530,538,527,528,529,531) LIMIT 0,12
info2019/01/03 12:09:35 server.go:38: SELECT COUNT(1) AS c  FROM visual_editorial_group
info2019/01/03 12:09:35 server.go:59: map[c:616]
info2019/01/03 12:09:35 server.go:64: SELECT g.group_id,title,img_date,g.group_pics_num,detail.equalw_url,detail.equalw_image_id,detail.equalh_url,detail.equalh_image_id,detail.url800,detail.url800_image_id from visual_editorial_group as g inner JOIN visual_editorial_group_detail as detail  on g.group_id = detail.group_id   ORDER BY img_date DESC LIMIT 0,100
info2019/01/03 12:09:35 server.go:64: SELECT id,file_name from visual_editorial_pic_images where id in(7594,7606,7701,7767,7818,7821,7830,7603,7683,7704,7728,7788,7797,7803,7833,7845,7878,7764,7591,7641,7650,7665,7737,7743,7749,7884,7600,7686,7755,7785,7860,7618,7668,7695,7791,7863,7857,7612,7636,7656,7659,7707,7719,7722,7875,7746,7776,7794,7869,7872,7627,7662,7761,7806,7653,7692,7710,7716,7839,7842,7881,7680,7809,7812,7597,7689,7725,7740,7752,7836,7674,7713,7779,7827,7609,7615,7624,7815,7851,7866,7899,7800,7621,7630,7638,7644,7647,7734,7824,7854,7633,7671,7731,7758,7770,7782,7677,7698,7773) LIMIT 0,100
info2019/01/03 12:09:35 server.go:64: SELECT type,text,origin_imgurl,img_id,link_id,img_width FROM visual_editorial_banner ORDER BY id DESC,img_width ASC LIMIT 0,12
info2019/01/03 12:09:35 server.go:64: SELECT id,file_name from visual_editorial_pic_images where id in(533,532,529,527,536,535,534,531,530,528,538,537) LIMIT 0,12
info2019/01/03 12:09:56 server.go:38: SELECT COUNT(1) AS c  FROM visual_editorial_group
info2019/01/03 12:09:56 server.go:59: map[c:616]
info2019/01/03 12:09:56 server.go:64: SELECT g.group_id,title,img_date,g.group_pics_num,detail.equalw_url,detail.equalw_image_id,detail.equalh_url,detail.equalh_image_id,detail.url800,detail.url800_image_id from visual_editorial_group as g inner JOIN visual_editorial_group_detail as detail  on g.group_id = detail.group_id   ORDER BY img_date DESC LIMIT 0,100
info2019/01/03 12:09:56 server.go:64: SELECT id,file_name from visual_editorial_pic_images where id in(7653,7677,7764,7767,7785,7794,7594,7647,7854,7869,7618,7689,7740,7758,7857,7860,7603,7606,7671,7674,7609,7638,7755,7863,7656,7698,7803,7806,7662,7722,7782,7809,7818,7833,7704,7770,7731,7749,7773,7800,7683,7728,7815,7824,7830,7881,7668,7791,7680,7719,7788,7866,7636,7644,7692,7695,7875,7627,7641,7686,7752,7842,7872,7650,7665,7743,7812,7878,7659,7716,7713,7821,7884,7600,7624,7633,7707,7725,7734,7737,7827,7615,7621,7899,7836,7839,7761,7779,7630,7746,7612,7701,7710,7776,7797,7845,7591,7597,7851) LIMIT 0,100
info2019/01/03 12:09:56 server.go:64: SELECT type,text,origin_imgurl,img_id,link_id,img_width FROM visual_editorial_banner ORDER BY id DESC,img_width ASC LIMIT 0,12
info2019/01/03 12:09:56 server.go:64: SELECT id,file_name from visual_editorial_pic_images where id in(527,536,535,534,530,529,528,538,537,533,532,531) LIMIT 0,12
info2019/01/03 12:12:45 server.go:38: SELECT COUNT(1) AS c  FROM visual_editorial_group
info2019/01/03 12:12:45 server.go:59: map[c:616]
info2019/01/03 12:12:45 server.go:64: SELECT g.group_id,title,img_date,g.group_pics_num,detail.equalw_url,detail.equalw_image_id,detail.equalh_url,detail.equalh_image_id,detail.url800,detail.url800_image_id from visual_editorial_group as g inner JOIN visual_editorial_group_detail as detail  on g.group_id = detail.group_id   ORDER BY img_date DESC LIMIT 0,100
info2019/01/03 12:12:45 server.go:64: SELECT id,file_name from visual_editorial_pic_images where id in(7824,7767,7809,7839,7638,7641,7704,7713,7758,7872,7755,7881,7665,7671,7710,7725,7731,7650,7782,7863,7618,7621,7633,7674,7734,7857,7659,7680,7707,7719,7740,7845,7854,7591,7644,7689,7722,7737,7866,7603,7624,7647,7773,7899,7791,7794,7797,7594,7668,7692,7728,7749,7812,7833,7836,7612,7615,7627,7698,7788,7636,7656,7716,7779,7878,7827,7830,7842,7600,7686,7695,7701,7746,7875,7630,7677,7761,7776,7851,7818,7597,7653,7743,7785,7815,7800,7803,7860,7606,7609,7662,7683,7764,7884,7752,7770,7806,7821,7869) LIMIT 0,100
info2019/01/03 12:12:45 server.go:64: SELECT type,text,origin_imgurl,img_id,link_id,img_width FROM visual_editorial_banner ORDER BY id DESC,img_width ASC LIMIT 0,12
info2019/01/03 12:12:45 server.go:64: SELECT id,file_name from visual_editorial_pic_images where id in(527,538,537,532,529,528,530,536,535,534,533,531) LIMIT 0,12
info2019/01/03 12:12:46 server.go:38: SELECT COUNT(1) AS c  FROM visual_editorial_group
info2019/01/03 12:12:46 server.go:59: map[c:616]
info2019/01/03 12:12:46 server.go:64: SELECT g.group_id,title,img_date,g.group_pics_num,detail.equalw_url,detail.equalw_image_id,detail.equalh_url,detail.equalh_image_id,detail.url800,detail.url800_image_id from visual_editorial_group as g inner JOIN visual_editorial_group_detail as detail  on g.group_id = detail.group_id   ORDER BY img_date DESC LIMIT 0,100
info2019/01/03 12:12:46 server.go:64: SELECT id,file_name from visual_editorial_pic_images where id in(7624,7689,7761,7600,7686,7698,7740,7785,7854,7644,7716,7752,7815,7845,7866,7659,7683,7731,7836,7621,7606,7722,7746,7755,7773,7833,7881,7603,7618,7630,7638,7671,7704,7725,7797,7612,7875,7809,7701,7767,7803,7830,7839,7636,7674,7677,7710,7719,7788,7842,7899,7594,7650,7653,7707,7737,7647,7662,7665,7758,7791,7794,7806,7884,7609,7776,7857,7668,7627,7713,7728,7770,7818,7597,7591,7633,7680,7749,7800,7812,7821,7860,7641,7764,7827,7869,7615,7779,7824,7851,7743,7692,7695,7734,7782,7863,7872,7878,7656) LIMIT 0,100
info2019/01/03 12:12:46 server.go:64: SELECT type,text,origin_imgurl,img_id,link_id,img_width FROM visual_editorial_banner ORDER BY id DESC,img_width ASC LIMIT 0,12
info2019/01/03 12:12:46 server.go:64: SELECT id,file_name from visual_editorial_pic_images where id in(532,531,530,529,528,538,535,533,527,537,536,534) LIMIT 0,12
info2019/01/03 12:12:47 server.go:38: SELECT COUNT(1) AS c  FROM visual_editorial_group
info2019/01/03 12:12:47 server.go:59: map[c:616]
info2019/01/03 12:12:47 server.go:64: SELECT g.group_id,title,img_date,g.group_pics_num,detail.equalw_url,detail.equalw_image_id,detail.equalh_url,detail.equalh_image_id,detail.url800,detail.url800_image_id from visual_editorial_group as g inner JOIN visual_editorial_group_detail as detail  on g.group_id = detail.group_id   ORDER BY img_date DESC LIMIT 0,100
info2019/01/03 12:12:47 server.go:64: SELECT id,file_name from visual_editorial_pic_images where id in(7630,7671,7674,7698,7776,7809,7815,7884,7653,7836,7899,7647,7692,7656,7668,7710,7731,7734,7830,7600,7624,7845,7758,7615,7704,7746,7767,7785,7638,7743,7713,7719,7782,7842,7854,7606,7618,7773,7791,7857,7869,7621,7737,7722,7779,7797,7872,7633,7641,7612,7636,7728,7761,7806,7827,7597,7603,7665,7725,7749,7755,7764,7866,7594,7609,7701,7707,7752,7770,7812,7851,7591,7695,7860,7878,7803,7824,7833,7863,7875,7662,7686,7689,7839,7644,7659,7680,7683,7716,7740,7788,7818,7627,7650,7800,7821,7881,7677,7794) LIMIT 0,100
info2019/01/03 12:12:48 server.go:64: SELECT type,text,origin_imgurl,img_id,link_id,img_width FROM visual_editorial_banner ORDER BY id DESC,img_width ASC LIMIT 0,12
info2019/01/03 12:12:48 server.go:64: SELECT id,file_name from visual_editorial_pic_images where id in(532,530,529,528,538,536,535,534,537,533,531,527) LIMIT 0,12
info2019/01/03 12:12:48 server.go:38: SELECT COUNT(1) AS c  FROM visual_editorial_group
info2019/01/03 12:12:48 server.go:59: map[c:616]
info2019/01/03 12:12:48 server.go:64: SELECT g.group_id,title,img_date,g.group_pics_num,detail.equalw_url,detail.equalw_image_id,detail.equalh_url,detail.equalh_image_id,detail.url800,detail.url800_image_id from visual_editorial_group as g inner JOIN visual_editorial_group_detail as detail  on g.group_id = detail.group_id   ORDER BY img_date DESC LIMIT 0,100
info2019/01/03 12:12:48 server.go:64: SELECT id,file_name from visual_editorial_pic_images where id in(7764,7824,7719,7728,7827,7594,7800,7806,7812,7866,7615,7857,7869,7872,7875,7776,7785,7821,7863,7788,7600,7618,7686,7689,7731,7752,7770,7779,7612,7677,7680,7683,7737,7782,7794,7881,7725,7746,7803,7627,7633,7668,7695,7716,7809,7839,7662,7722,7674,7791,7740,7743,7761,7591,7621,7630,7659,7707,7710,7713,7758,7609,7638,7644,7665,7704,7833,7767,7797,7836,7603,7606,7624,7653,7755,7842,7845,7884,7818,7851,7854,7597,7647,7656,7734,7749,7860,7701,7773,7878,7636,7641,7671,7692,7899,7650,7698,7815,7830) LIMIT 0,100
info2019/01/03 12:12:48 server.go:64: SELECT type,text,origin_imgurl,img_id,link_id,img_width FROM visual_editorial_banner ORDER BY id DESC,img_width ASC LIMIT 0,12
info2019/01/03 12:12:48 server.go:64: SELECT id,file_name from visual_editorial_pic_images where id in(537,535,534,533,530,529,538,532,531,528,527,536) LIMIT 0,12
info2019/01/03 12:12:48 server.go:38: SELECT COUNT(1) AS c  FROM visual_editorial_group
info2019/01/03 12:12:48 server.go:59: map[c:616]
info2019/01/03 12:12:48 server.go:64: SELECT g.group_id,title,img_date,g.group_pics_num,detail.equalw_url,detail.equalw_image_id,detail.equalh_url,detail.equalh_image_id,detail.url800,detail.url800_image_id from visual_editorial_group as g inner JOIN visual_editorial_group_detail as detail  on g.group_id = detail.group_id   ORDER BY img_date DESC LIMIT 0,100
info2019/01/03 12:12:48 server.go:38: SELECT COUNT(1) AS c  FROM visual_editorial_group
info2019/01/03 12:12:48 server.go:64: SELECT id,file_name from visual_editorial_pic_images where id in(7719,7812,7594,7609,7653,7779,7878,7899,7764,7773,7881,7600,7656,7662,7797,7806,7851,7875,7707,7734,7737,7713,7833,7845,7857,7869,7633,7647,7650,7872,7824,7854,7863,7659,7728,7815,7749,7830,7597,7612,7686,7644,7689,7731,7743,7785,7621,7638,7866,7809,7836,7860,7818,7671,7746,7752,7800,7618,7674,7755,7701,7761,7776,7788,7791,7624,7641,7683,7704,7722,7740,7782,7827,7603,7615,7677,7821,7884,7591,7710,7803,7692,7767,7770,7794,7842,7630,7665,7668,7627,7680,7839,7698,7716,7725,7758,7606,7636,7695) LIMIT 0,100
info2019/01/03 12:12:48 server.go:59: map[c:616]
info2019/01/03 12:12:48 server.go:64: SELECT g.group_id,title,img_date,g.group_pics_num,detail.equalw_url,detail.equalw_image_id,detail.equalh_url,detail.equalh_image_id,detail.url800,detail.url800_image_id from visual_editorial_group as g inner JOIN visual_editorial_group_detail as detail  on g.group_id = detail.group_id   ORDER BY img_date DESC LIMIT 0,100
info2019/01/03 12:12:48 server.go:64: SELECT type,text,origin_imgurl,img_id,link_id,img_width FROM visual_editorial_banner ORDER BY id DESC,img_width ASC LIMIT 0,12
info2019/01/03 12:12:48 server.go:64: SELECT id,file_name from visual_editorial_pic_images where id in(528,527,536,534,533,532,531,538,537,535,530,529) LIMIT 0,12
info2019/01/03 12:12:48 server.go:64: SELECT id,file_name from visual_editorial_pic_images where id in(7788,7806,7830,7606,7636,7662,7674,7779,7860,7665,7743,7803,7866,7597,7641,7591,7609,7671,7842,7618,7621,7797,7818,7869,7764,7809,7845,7600,7647,7659,7680,7710,7884,7594,7627,7686,7698,7737,7815,7836,7854,7728,7731,7746,7752,7800,7630,7633,7716,7722,7833,7851,7881,7603,7758,7782,7791,7821,7794,7872,7612,7683,7704,7749,7761,7863,7878,7677,7689,7701,7740,7755,7719,7767,7770,7624,7668,7692,7713,7773,7776,7827,7824,7839,7857,7644,7650,7653,7725,7812,7899,7638,7656,7875,7615,7695,7707,7734,7785) LIMIT 0,100
info2019/01/03 12:12:48 server.go:64: SELECT type,text,origin_imgurl,img_id,link_id,img_width FROM visual_editorial_banner ORDER BY id DESC,img_width ASC LIMIT 0,12
info2019/01/03 12:12:48 server.go:64: SELECT id,file_name from visual_editorial_pic_images where id in(532,531,538,537,536,535,534,533,528,527,530,529) LIMIT 0,12
info2019/01/03 12:12:48 server.go:38: SELECT COUNT(1) AS c  FROM visual_editorial_group
info2019/01/03 12:12:48 server.go:59: map[c:616]
info2019/01/03 12:12:48 server.go:64: SELECT g.group_id,title,img_date,g.group_pics_num,detail.equalw_url,detail.equalw_image_id,detail.equalh_url,detail.equalh_image_id,detail.url800,detail.url800_image_id from visual_editorial_group as g inner JOIN visual_editorial_group_detail as detail  on g.group_id = detail.group_id   ORDER BY img_date DESC LIMIT 0,100
info2019/01/03 12:12:48 server.go:38: SELECT COUNT(1) AS c  FROM visual_editorial_group
info2019/01/03 12:12:48 server.go:59: map[c:616]
info2019/01/03 12:12:48 server.go:64: SELECT g.group_id,title,img_date,g.group_pics_num,detail.equalw_url,detail.equalw_image_id,detail.equalh_url,detail.equalh_image_id,detail.url800,detail.url800_image_id from visual_editorial_group as g inner JOIN visual_editorial_group_detail as detail  on g.group_id = detail.group_id   ORDER BY img_date DESC LIMIT 0,100
info2019/01/03 12:12:48 server.go:64: SELECT id,file_name from visual_editorial_pic_images where id in(7743,7788,7854,7615,7618,7621,7659,7713,7899,7665,7746,7812,7845,7800,7830,7857,7624,7686,7698,7728,7773,7770,7806,7603,7627,7638,7653,7761,7779,7884,7591,7612,7630,7636,7662,7827,7851,7860,7647,7734,7749,7752,7755,7764,7782,7818,7609,7633,7668,7689,7758,7824,7839,7650,7731,7881,7740,7836,7600,7644,7707,7710,7716,7680,7695,7833,7878,7791,7815,7869,7606,7701,7704,7737,7594,7722,7803,7656,7677,7767,7785,7821,7866,7725,7794,7842,7641,7674,7683,7692,7719,7863,7872,7875,7597,7671,7776,7797,7809) LIMIT 0,100
info2019/01/03 12:12:48 server.go:64: SELECT type,text,origin_imgurl,img_id,link_id,img_width FROM visual_editorial_banner ORDER BY id DESC,img_width ASC LIMIT 0,12
info2019/01/03 12:12:48 server.go:64: SELECT id,file_name from visual_editorial_pic_images where id in(7656,7692,7701,7743,7767,7776,7797,7821,7854,7612,7680,7689,7707,7734,7761,7785,7839,7621,7624,7627,7630,7671,7752,7842,7650,7659,7674,7800,7833,7884,7770,7830,7591,7662,7812,7875,7600,7653,7722,7749,7758,7794,7869,7615,7668,7677,7845,7851,7863,7597,7603,7618,7686,7725,7740,7860,7878,7606,7638,7665,7719,7806,7815,7872,7647,7704,7779,7809,7827,7899,7641,7644,7716,7728,7746,7782,7788,7824,7636,7698,7713,7737,7803,7683,7836,7866,7594,7609,7633,7695,7755,7773,7791,7881,7710,7731,7764,7818,7857) LIMIT 0,100
info2019/01/03 12:12:48 server.go:64: SELECT id,file_name from visual_editorial_pic_images where id in(530,538,537,536,535,533,532,531,529,534,528,527) LIMIT 0,12
info2019/01/03 12:12:48 server.go:64: SELECT type,text,origin_imgurl,img_id,link_id,img_width FROM visual_editorial_banner ORDER BY id DESC,img_width ASC LIMIT 0,12
info2019/01/03 12:12:48 server.go:64: SELECT id,file_name from visual_editorial_pic_images where id in(532,531,530,529,538,536,534,533,537,535,528,527) LIMIT 0,12
info2019/01/03 12:12:49 server.go:38: SELECT COUNT(1) AS c  FROM visual_editorial_group
info2019/01/03 12:12:49 server.go:59: map[c:616]
info2019/01/03 12:12:49 server.go:64: SELECT g.group_id,title,img_date,g.group_pics_num,detail.equalw_url,detail.equalw_image_id,detail.equalh_url,detail.equalh_image_id,detail.url800,detail.url800_image_id from visual_editorial_group as g inner JOIN visual_editorial_group_detail as detail  on g.group_id = detail.group_id   ORDER BY img_date DESC LIMIT 0,100
info2019/01/03 12:12:49 server.go:64: SELECT id,file_name from visual_editorial_pic_images where id in(7689,7836,7884,7600,7725,7785,7878,7716,7647,7668,7671,7713,7770,7800,7803,7863,7872,7857,7641,7677,7683,7692,7794,7821,7603,7710,7746,7815,7830,7842,7851,7854,7615,7869,7707,7722,7749,7788,7812,7701,7833,7662,7695,7737,7743,7758,7797,7809,7827,7618,7627,7630,7665,7674,7719,7773,7866,7621,7806,7818,7704,7656,7776,7881,7624,7653,7686,7698,7728,7734,7761,7875,7612,7636,7638,7680,7740,7752,7764,7791,7591,7899,7659,7767,7609,7606,7633,7650,7824,7839,7845,7860,7597,7644,7731,7755,7779,7782,7594) LIMIT 0,100
info2019/01/03 12:12:49 server.go:64: SELECT type,text,origin_imgurl,img_id,link_id,img_width FROM visual_editorial_banner ORDER BY id DESC,img_width ASC LIMIT 0,12
info2019/01/03 12:12:49 server.go:64: SELECT id,file_name from visual_editorial_pic_images where id in(538,537,535,533,532,529,536,534,531,530,528,527) LIMIT 0,12
info2019/01/03 12:12:50 server.go:38: SELECT COUNT(1) AS c  FROM visual_editorial_group
info2019/01/03 12:12:50 server.go:59: map[c:616]
info2019/01/03 12:12:50 server.go:64: SELECT g.group_id,title,img_date,g.group_pics_num,detail.equalw_url,detail.equalw_image_id,detail.equalh_url,detail.equalh_image_id,detail.url800,detail.url800_image_id from visual_editorial_group as g inner JOIN visual_editorial_group_detail as detail  on g.group_id = detail.group_id   ORDER BY img_date DESC LIMIT 0,100
info2019/01/03 12:12:50 server.go:64: SELECT id,file_name from visual_editorial_pic_images where id in(7624,7698,7710,7740,7818,7633,7668,7737,7800,7836,7621,7686,7752,7803,7854,7603,7606,7683,7794,7899,7797,7591,7641,7653,7659,7692,7746,7773,7815,7609,7638,7671,7680,7707,7725,7728,7860,7869,7618,7731,7749,7770,7674,7722,7776,7821,7872,7779,7842,7866,7627,7677,7689,7719,7833,7857,7878,7612,7644,7650,7665,7806,7594,7758,7788,7824,7827,7881,7636,7647,7656,7716,7755,7863,7615,7630,7734,7839,7845,7851,7884,7809,7600,7695,7701,7704,7713,7761,7782,7812,7830,7875,7597,7662,7743,7764,7767,7785,7791) LIMIT 0,100
info2019/01/03 12:12:50 server.go:64: SELECT type,text,origin_imgurl,img_id,link_id,img_width FROM visual_editorial_banner ORDER BY id DESC,img_width ASC LIMIT 0,12
info2019/01/03 12:12:50 server.go:64: SELECT id,file_name from visual_editorial_pic_images where id in(538,537,536,534,530,528,527,535,533,532,531,529) LIMIT 0,12
info2019/01/03 12:12:50 server.go:38: SELECT COUNT(1) AS c  FROM visual_editorial_group
info2019/01/03 12:12:50 server.go:59: map[c:616]
info2019/01/03 12:12:50 server.go:64: SELECT g.group_id,title,img_date,g.group_pics_num,detail.equalw_url,detail.equalw_image_id,detail.equalh_url,detail.equalh_image_id,detail.url800,detail.url800_image_id from visual_editorial_group as g inner JOIN visual_editorial_group_detail as detail  on g.group_id = detail.group_id   ORDER BY img_date DESC LIMIT 0,100
info2019/01/03 12:12:50 server.go:64: SELECT id,file_name from visual_editorial_pic_images where id in(7594,7609,7662,7665,7710,7713,7788,7794,7851,7854,7603,7633,7740,7746,7761,7773,7809,7827,7845,7656,7668,7683,7722,7731,7836,7866,7638,7689,7707,7728,7606,7630,7653,7716,7734,7779,7782,7785,7806,7812,7842,7698,7719,7743,7800,7881,7671,7680,7758,7815,7830,7659,7677,7767,7857,7612,7641,7650,7591,7674,7752,7860,7863,7875,7597,7615,7647,7755,7818,7821,7869,7884,7899,7618,7636,7692,7701,7749,7791,7839,7872,7644,7737,7797,7627,7686,7695,7833,7878,7600,7621,7624,7725,7803,7824,7704,7764,7770,7776) LIMIT 0,100
info2019/01/03 12:12:50 server.go:64: SELECT type,text,origin_imgurl,img_id,link_id,img_width FROM visual_editorial_banner ORDER BY id DESC,img_width ASC LIMIT 0,12
info2019/01/03 12:12:50 server.go:64: SELECT id,file_name from visual_editorial_pic_images where id in(536,535,532,531,528,538,534,533,530,529,527,537) LIMIT 0,12
info2019/01/03 12:13:07 server.go:38: SELECT COUNT(1) AS c  FROM visual_editorial_group
info2019/01/03 12:13:07 server.go:59: map[c:616]
info2019/01/03 12:13:07 server.go:64: SELECT g.group_id,title,img_date,g.group_pics_num,detail.equalw_url,detail.equalw_image_id,detail.equalh_url,detail.equalh_image_id,detail.url800,detail.url800_image_id from visual_editorial_group as g inner JOIN visual_editorial_group_detail as detail  on g.group_id = detail.group_id   ORDER BY img_date DESC LIMIT 0,100
info2019/01/03 12:13:07 server.go:64: SELECT id,file_name from visual_editorial_pic_images where id in(7650,7683,7692,7752,7770,7791,7641,7854,7794,7806,7776,7788,7812,7845,7881,7609,7749,7689,7707,7710,7659,7686,7656,7671,7755,7600,7638,7704,7899,7594,7674,7713,7782,7785,7866,7878,7591,7621,7722,7728,7836,7597,7612,7665,7740,7743,7797,7830,7851,7603,7644,7860,7869,7653,7764,7767,7809,7815,7872,7606,7633,7731,7737,7746,7758,7779,7821,7624,7627,7839,7824,7827,7680,7701,7734,7773,7618,7636,7863,7662,7800,7833,7842,7857,7884,7647,7677,7615,7725,7695,7698,7716,7719,7818,7630,7668,7875,7761,7803) LIMIT 0,100
info2019/01/03 12:13:07 server.go:64: SELECT type,text,origin_imgurl,img_id,link_id,img_width FROM visual_editorial_banner ORDER BY id DESC,img_width ASC LIMIT 0,12
info2019/01/03 12:13:07 server.go:64: SELECT id,file_name from visual_editorial_pic_images where id in(535,534,533,538,537,531,530,529,528,527,536,532) LIMIT 0,12
info2019/01/03 12:13:08 server.go:38: SELECT COUNT(1) AS c  FROM visual_editorial_group
info2019/01/03 12:13:08 server.go:59: map[c:616]
info2019/01/03 12:13:08 server.go:64: SELECT g.group_id,title,img_date,g.group_pics_num,detail.equalw_url,detail.equalw_image_id,detail.equalh_url,detail.equalh_image_id,detail.url800,detail.url800_image_id from visual_editorial_group as g inner JOIN visual_editorial_group_detail as detail  on g.group_id = detail.group_id   ORDER BY img_date DESC LIMIT 0,100
info2019/01/03 12:13:08 server.go:64: SELECT id,file_name from visual_editorial_pic_images where id in(7600,7644,7653,7689,7761,7806,7827,7833,7857,7612,7627,7656,7782,7836,7872,7606,7671,7692,7704,7764,7591,7665,7683,7701,7710,7749,7800,7728,7734,7737,7776,7618,7641,7866,7603,7609,7630,7638,7659,7803,7815,7845,7869,7875,7624,7677,7716,7722,7725,7767,7878,7636,7779,7818,7860,7884,7899,7686,7695,7788,7797,7812,7824,7674,7680,7743,7773,7851,7615,7621,7770,7794,7839,7647,7719,7746,7758,7809,7821,7854,7881,7597,7662,7713,7731,7752,7785,7594,7633,7650,7698,7707,7830,7668,7740,7755,7791,7842,7863) LIMIT 0,100
info2019/01/03 12:13:08 server.go:64: SELECT type,text,origin_imgurl,img_id,link_id,img_width FROM visual_editorial_banner ORDER BY id DESC,img_width ASC LIMIT 0,12
info2019/01/03 12:13:08 server.go:64: SELECT id,file_name from visual_editorial_pic_images where id in(537,533,530,528,527,538,535,534,532,531,529,536) LIMIT 0,12
info2019/01/03 12:13:08 server.go:38: SELECT COUNT(1) AS c  FROM visual_editorial_group
info2019/01/03 12:13:08 server.go:59: map[c:616]
info2019/01/03 12:13:08 server.go:64: SELECT g.group_id,title,img_date,g.group_pics_num,detail.equalw_url,detail.equalw_image_id,detail.equalh_url,detail.equalh_image_id,detail.url800,detail.url800_image_id from visual_editorial_group as g inner JOIN visual_editorial_group_detail as detail  on g.group_id = detail.group_id   ORDER BY img_date DESC LIMIT 0,100
info2019/01/03 12:13:08 server.go:64: SELECT id,file_name from visual_editorial_pic_images where id in(7833,7875,7878,7713,7734,7621,7728,7842,7609,7612,7603,7618,7806,7594,7821,7827,7866,7869,7615,7743,7719,7761,7812,7591,7674,7689,7764,7779,7863,7627,7683,7656,7668,7671,7752,7755,7782,7636,7653,7800,7650,7722,7776,7797,7803,7597,7630,7725,7881,7692,7716,7737,7740,7854,7860,7899,7659,7665,7731,7773,7809,7872,7680,7695,7647,7677,7698,7707,7710,7746,7600,7633,7884,7788,7794,7662,7686,7839,7606,7644,7770,7785,7791,7624,7767,7815,7818,7824,7830,7836,7857,7701,7704,7749,7758,7845,7851,7638,7641) LIMIT 0,100
info2019/01/03 12:13:08 server.go:64: SELECT type,text,origin_imgurl,img_id,link_id,img_width FROM visual_editorial_banner ORDER BY id DESC,img_width ASC LIMIT 0,12
info2019/01/03 12:13:08 server.go:64: SELECT id,file_name from visual_editorial_pic_images where id in(533,528,538,537,536,535,534,532,531,530,529,527) LIMIT 0,12
info2019/01/03 12:13:08 server.go:38: SELECT COUNT(1) AS c  FROM visual_editorial_group
info2019/01/03 12:13:08 server.go:59: map[c:616]
info2019/01/03 12:13:08 server.go:64: SELECT g.group_id,title,img_date,g.group_pics_num,detail.equalw_url,detail.equalw_image_id,detail.equalh_url,detail.equalh_image_id,detail.url800,detail.url800_image_id from visual_editorial_group as g inner JOIN visual_editorial_group_detail as detail  on g.group_id = detail.group_id   ORDER BY img_date DESC LIMIT 0,100
info2019/01/03 12:13:08 server.go:64: SELECT id,file_name from visual_editorial_pic_images where id in(7603,7647,7686,7734,7836,7839,7860,7591,7659,7683,7746,7764,7779,7851,7857,7606,7881,7609,7725,7755,7788,7845,7594,7824,7842,7692,7791,7827,7833,7618,7719,7740,7806,7818,7863,7627,7710,7773,7776,7866,7680,7728,7761,7770,7797,7803,7899,7662,7600,7656,7701,7707,7713,7716,7767,7597,7815,7884,7809,7638,7650,7653,7665,7671,7698,7812,7737,7743,7782,7830,7854,7615,7758,7641,7644,7668,7674,7677,7704,7722,7612,7869,7878,7800,7689,7794,7875,7630,7624,7633,7731,7785,7872,7621,7695,7749,7752,7821,7636) LIMIT 0,100
info2019/01/03 12:13:08 server.go:64: SELECT type,text,origin_imgurl,img_id,link_id,img_width FROM visual_editorial_banner ORDER BY id DESC,img_width ASC LIMIT 0,12
info2019/01/03 12:13:08 server.go:64: SELECT id,file_name from visual_editorial_pic_images where id in(528,537,535,533,532,531,527,538,536,534,530,529) LIMIT 0,12
info2019/01/03 12:13:29 server.go:38: SELECT COUNT(1) AS c  FROM visual_editorial_group
info2019/01/03 12:13:29 server.go:59: map[c:616]
info2019/01/03 12:13:29 server.go:64: SELECT g.group_id,title,img_date,g.group_pics_num,detail.equalw_url,detail.equalw_image_id,detail.equalh_url,detail.equalh_image_id,detail.url800,detail.url800_image_id from visual_editorial_group as g inner JOIN visual_editorial_group_detail as detail  on g.group_id = detail.group_id   ORDER BY img_date DESC LIMIT 0,100
info2019/01/03 12:13:29 server.go:64: SELECT id,file_name from visual_editorial_pic_images where id in(7656,7701,7791,7824,7869,7899,7770,7606,7609,7618,7621,7674,7692,7740,7815,7845,7875,7749,7612,7653,7668,7710,7713,7725,7728,7758,7776,7600,7615,7638,7833,7854,7857,7683,7743,7761,7794,7659,7689,7707,7737,7821,7641,7644,7677,7722,7839,7851,7884,7695,7788,7797,7818,7830,7863,7866,7624,7627,7650,7734,7812,7842,7860,7698,7746,7827,7881,7591,7716,7836,7603,7665,7719,7755,7773,7803,7806,7633,7752,7764,7767,7800,7647,7662,7671,7704,7785,7872,7809,7594,7597,7636,7680,7686,7731,7779,7630,7782,7878) LIMIT 0,100
info2019/01/03 12:13:30 server.go:64: SELECT type,text,origin_imgurl,img_id,link_id,img_width FROM visual_editorial_banner ORDER BY id DESC,img_width ASC LIMIT 0,12
info2019/01/03 12:13:30 server.go:64: SELECT id,file_name from visual_editorial_pic_images where id in(534,530,528,527,538,536,533,532,531,529,537,535) LIMIT 0,12
info2019/01/03 12:13:30 server.go:38: SELECT COUNT(1) AS c  FROM visual_editorial_group
info2019/01/03 12:13:30 server.go:59: map[c:616]
info2019/01/03 12:13:30 server.go:64: SELECT g.group_id,title,img_date,g.group_pics_num,detail.equalw_url,detail.equalw_image_id,detail.equalh_url,detail.equalh_image_id,detail.url800,detail.url800_image_id from visual_editorial_group as g inner JOIN visual_editorial_group_detail as detail  on g.group_id = detail.group_id   ORDER BY img_date DESC LIMIT 0,100
info2019/01/03 12:13:30 server.go:64: SELECT id,file_name from visual_editorial_pic_images where id in(7836,7647,7680,7716,7737,7764,7785,7794,7875,7597,7686,7740,7743,7749,7797,7863,7636,7650,7653,7698,7779,7842,7624,7668,7713,7755,7788,7812,7818,7591,7633,7656,7662,7665,7782,7803,7638,7671,7824,7833,7851,7612,7618,7701,7767,7770,7615,7683,7707,7839,7594,7603,7692,7695,7800,7815,7644,7674,7710,7752,7758,7872,7600,7659,7689,7719,7746,7827,7854,7899,7881,7704,7725,7731,7734,7773,7830,7857,7884,7606,7809,7821,7866,7869,7878,7609,7621,7761,7776,7806,7845,7860,7627,7630,7641,7677,7722,7728,7791) LIMIT 0,100
info2019/01/03 12:13:30 server.go:64: SELECT type,text,origin_imgurl,img_id,link_id,img_width FROM visual_editorial_banner ORDER BY id DESC,img_width ASC LIMIT 0,12
info2019/01/03 12:13:30 server.go:64: SELECT id,file_name from visual_editorial_pic_images where id in(538,532,531,530,527,529,528,537,536,535,534,533) LIMIT 0,12
info2019/01/03 12:13:30 server.go:38: SELECT COUNT(1) AS c  FROM visual_editorial_group
info2019/01/03 12:13:30 server.go:59: map[c:616]
info2019/01/03 12:13:30 server.go:64: SELECT g.group_id,title,img_date,g.group_pics_num,detail.equalw_url,detail.equalw_image_id,detail.equalh_url,detail.equalh_image_id,detail.url800,detail.url800_image_id from visual_editorial_group as g inner JOIN visual_editorial_group_detail as detail  on g.group_id = detail.group_id   ORDER BY img_date DESC LIMIT 0,100
info2019/01/03 12:13:30 server.go:64: SELECT id,file_name from visual_editorial_pic_images where id in(7624,7839,7752,7812,7603,7615,7683,7695,7716,7743,7809,7594,7665,7701,7728,7764,7779,7818,7836,7668,7713,7719,7737,7794,7815,7884,7878,7656,7689,7758,7767,7791,7800,7761,7824,7869,7851,7863,7591,7692,7704,7749,7797,7830,7872,7627,7731,7785,7860,7600,7609,7686,7710,7833,7618,7641,7698,7707,7788,7845,7597,7633,7644,7674,7755,7773,7875,7659,7740,7746,7806,7821,7827,7612,7630,7770,7636,7638,7722,7734,7842,7782,7854,7606,7650,7662,7671,7677,7680,7857,7866,7899,7881,7621,7647,7653,7725,7776,7803) LIMIT 0,100
info2019/01/03 12:13:30 server.go:64: SELECT type,text,origin_imgurl,img_id,link_id,img_width FROM visual_editorial_banner ORDER BY id DESC,img_width ASC LIMIT 0,12
info2019/01/03 12:13:30 server.go:64: SELECT id,file_name from visual_editorial_pic_images where id in(528,527,538,535,533,531,529,537,536,534,532,530) LIMIT 0,12
info2019/01/03 12:13:30 server.go:38: SELECT COUNT(1) AS c  FROM visual_editorial_group
info2019/01/03 12:13:30 server.go:59: map[c:616]
info2019/01/03 12:13:30 server.go:64: SELECT g.group_id,title,img_date,g.group_pics_num,detail.equalw_url,detail.equalw_image_id,detail.equalh_url,detail.equalh_image_id,detail.url800,detail.url800_image_id from visual_editorial_group as g inner JOIN visual_editorial_group_detail as detail  on g.group_id = detail.group_id   ORDER BY img_date DESC LIMIT 0,100
info2019/01/03 12:13:30 server.go:38: SELECT COUNT(1) AS c  FROM visual_editorial_group
info2019/01/03 12:13:31 server.go:59: map[c:616]
info2019/01/03 12:13:31 server.go:64: SELECT g.group_id,title,img_date,g.group_pics_num,detail.equalw_url,detail.equalw_image_id,detail.equalh_url,detail.equalh_image_id,detail.url800,detail.url800_image_id from visual_editorial_group as g inner JOIN visual_editorial_group_detail as detail  on g.group_id = detail.group_id   ORDER BY img_date DESC LIMIT 0,100
info2019/01/03 12:13:31 server.go:64: SELECT id,file_name from visual_editorial_pic_images where id in(7851,7866,7869,7674,7815,7692,7791,7827,7609,7630,7665,7842,7603,7627,7689,7728,7776,7797,7800,7875,7594,7600,7677,7770,7806,7812,7824,7836,7618,7662,7713,7854,7788,7698,7701,7710,7731,7755,7794,7818,7857,7615,7644,7686,7878,7845,7650,7683,7833,7704,7722,7743,7821,7597,7624,7695,7737,7752,7773,7839,7872,7641,7719,7725,7746,7758,7860,7863,7638,7647,7668,7659,7671,7734,7749,7761,7621,7653,7656,7764,7803,7899,7716,7767,7782,7809,7830,7606,7636,7707,7633,7612,7680,7740,7881,7884,7591,7779,7785) LIMIT 0,100
info2019/01/03 12:13:31 server.go:64: SELECT type,text,origin_imgurl,img_id,link_id,img_width FROM visual_editorial_banner ORDER BY id DESC,img_width ASC LIMIT 0,12
info2019/01/03 12:13:31 server.go:64: SELECT id,file_name from visual_editorial_pic_images where id in(536,533,532,529,528,538,537,535,534,531,530,527) LIMIT 0,12
info2019/01/03 12:13:31 server.go:64: SELECT id,file_name from visual_editorial_pic_images where id in(7656,7728,7827,7875,7884,7630,7680,7743,7785,7806,7836,7644,7701,7758,7821,7839,7863,7692,7668,7716,7788,7794,7812,7615,7606,7674,7698,7704,7722,7725,7740,7597,7767,7842,7746,7791,7764,7824,7881,7665,7662,7686,7719,7749,7755,7773,7797,7621,7872,7809,7636,7707,7803,7830,7612,7627,7659,7683,7734,7609,7603,7650,7713,7776,7782,7800,7845,7594,7860,7653,7671,7818,7854,7899,7618,7737,7752,7624,7710,7815,7833,7869,7647,7779,7857,7866,7878,7689,7600,7633,7638,7641,7677,7695,7731,7591,7770,7851,7761) LIMIT 0,100
info2019/01/03 12:13:31 server.go:64: SELECT type,text,origin_imgurl,img_id,link_id,img_width FROM visual_editorial_banner ORDER BY id DESC,img_width ASC LIMIT 0,12
info2019/01/03 12:13:31 server.go:64: SELECT id,file_name from visual_editorial_pic_images where id in(536,534,533,531,529,527,537,535,532,530,528,538) LIMIT 0,12
info2019/01/03 12:13:31 server.go:38: SELECT COUNT(1) AS c  FROM visual_editorial_group
info2019/01/03 12:13:31 server.go:59: map[c:616]
info2019/01/03 12:13:31 server.go:64: SELECT g.group_id,title,img_date,g.group_pics_num,detail.equalw_url,detail.equalw_image_id,detail.equalh_url,detail.equalh_image_id,detail.url800,detail.url800_image_id from visual_editorial_group as g inner JOIN visual_editorial_group_detail as detail  on g.group_id = detail.group_id   ORDER BY img_date DESC LIMIT 0,100
info2019/01/03 12:13:31 server.go:64: SELECT id,file_name from visual_editorial_pic_images where id in(7662,7671,7689,7776,7594,7636,7650,7659,7836,7899,7752,7851,7603,7624,7710,7743,7701,7722,7746,7749,7621,7653,7656,7665,7872,7737,7833,7866,7609,7674,7683,7719,7824,7698,7761,7797,7806,7839,7606,7618,7716,7773,7803,7827,7854,7878,7600,7627,7668,7713,7884,7845,7597,7740,7770,7758,7764,7782,7791,7615,7707,7725,7728,7630,7695,7788,7869,7785,7809,7857,7860,7677,7680,7755,7818,7633,7692,7863,7794,7800,7830,7842,7641,7647,7767,7779,7875,7881,7591,7612,7644,7734,7812,7815,7821,7638,7686,7704,7731) LIMIT 0,100
info2019/01/03 12:13:31 server.go:64: SELECT type,text,origin_imgurl,img_id,link_id,img_width FROM visual_editorial_banner ORDER BY id DESC,img_width ASC LIMIT 0,12
info2019/01/03 12:13:31 server.go:64: SELECT id,file_name from visual_editorial_pic_images where id in(537,536,534,532,528,538,535,533,531,530,529,527) LIMIT 0,12
info2019/01/03 12:13:31 server.go:38: SELECT COUNT(1) AS c  FROM visual_editorial_group
info2019/01/03 12:13:31 server.go:59: map[c:616]
info2019/01/03 12:13:31 server.go:64: SELECT g.group_id,title,img_date,g.group_pics_num,detail.equalw_url,detail.equalw_image_id,detail.equalh_url,detail.equalh_image_id,detail.url800,detail.url800_image_id from visual_editorial_group as g inner JOIN visual_editorial_group_detail as detail  on g.group_id = detail.group_id   ORDER BY img_date DESC LIMIT 0,100
info2019/01/03 12:13:31 server.go:38: SELECT COUNT(1) AS c  FROM visual_editorial_group
info2019/01/03 12:13:31 server.go:59: map[c:616]
info2019/01/03 12:13:31 server.go:64: SELECT g.group_id,title,img_date,g.group_pics_num,detail.equalw_url,detail.equalw_image_id,detail.equalh_url,detail.equalh_image_id,detail.url800,detail.url800_image_id from visual_editorial_group as g inner JOIN visual_editorial_group_detail as detail  on g.group_id = detail.group_id   ORDER BY img_date DESC LIMIT 0,100
info2019/01/03 12:13:31 server.go:64: SELECT id,file_name from visual_editorial_pic_images where id in(7594,7647,7710,7722,7740,7785,7872,7615,7638,7686,7707,7770,7815,7821,7591,7633,7680,7698,7824,7621,7650,7674,7677,7692,7767,7839,7597,7600,7794,7899,7606,7662,7761,7776,7803,7806,7809,7734,7764,7782,7797,7875,7842,7668,7683,7728,7758,7788,7818,7830,7854,7603,7644,7695,7725,7737,7800,7866,7609,7665,7827,7857,7653,7656,7671,7689,7704,7773,7833,7719,7746,7812,7860,7878,7618,7627,7630,7659,7716,7749,7845,7624,7641,7701,7713,7752,7779,7863,7884,7731,7755,7836,7851,7869,7881,7612,7636,7743,7791) LIMIT 0,100
info2019/01/03 12:13:31 server.go:64: SELECT type,text,origin_imgurl,img_id,link_id,img_width FROM visual_editorial_banner ORDER BY id DESC,img_width ASC LIMIT 0,12
info2019/01/03 12:13:31 server.go:64: SELECT id,file_name from visual_editorial_pic_images where id in(538,537,535,533,532,528,527,536,534,531,530,529) LIMIT 0,12
info2019/01/03 12:13:31 server.go:64: SELECT id,file_name from visual_editorial_pic_images where id in(7836,7878,7591,7758,7806,7665,7803,7674,7773,7827,7594,7597,7650,7725,7743,7857,7860,7872,7612,7644,7695,7746,7641,7656,7698,7627,7633,7636,7638,7788,7603,7606,7621,7869,7884,7692,7752,7755,7794,7824,7624,7680,7686,7839,7881,7833,7659,7671,7707,7761,7779,7797,7662,7722,7737,7776,7809,7842,7854,7618,7689,7710,7830,7719,7767,7821,7677,7704,7728,7740,7845,7615,7630,7647,7875,7749,7764,7782,7791,7800,7609,7731,7863,7866,7653,7701,7899,7770,7785,7815,7818,7851,7683,7713,7716,7812,7600,7668,7734) LIMIT 0,100
info2019/01/03 12:13:31 server.go:64: SELECT type,text,origin_imgurl,img_id,link_id,img_width FROM visual_editorial_banner ORDER BY id DESC,img_width ASC LIMIT 0,12
info2019/01/03 12:13:31 server.go:64: SELECT id,file_name from visual_editorial_pic_images where id in(537,536,533,532,531,529,528,527,538,535,534,530) LIMIT 0,12
info2019/01/03 12:13:31 server.go:38: SELECT COUNT(1) AS c  FROM visual_editorial_group
info2019/01/03 12:13:31 server.go:59: map[c:616]
info2019/01/03 12:13:31 server.go:64: SELECT g.group_id,title,img_date,g.group_pics_num,detail.equalw_url,detail.equalw_image_id,detail.equalh_url,detail.equalh_image_id,detail.url800,detail.url800_image_id from visual_editorial_group as g inner JOIN visual_editorial_group_detail as detail  on g.group_id = detail.group_id   ORDER BY img_date DESC LIMIT 0,100
info2019/01/03 12:13:31 server.go:64: SELECT id,file_name from visual_editorial_pic_images where id in(7665,7704,7776,7863,7591,7618,7621,7662,7716,7875,7641,7683,7701,7707,7600,7713,7815,7845,7869,7881,7612,7659,7722,7728,7833,7851,7668,7710,7731,7782,7821,7597,7636,7644,7755,7770,7812,7839,7647,7680,7692,7698,7794,7803,7857,7594,7638,7656,7671,7899,7779,7806,7836,7674,7740,7743,7752,7809,7818,7860,7872,7603,7627,7677,7791,7830,7878,7630,7633,7686,7824,7725,7758,7884,7767,7827,7615,7624,7749,7764,7797,7800,7842,7854,7689,7737,7746,7785,7761,7788,7866,7606,7609,7650,7734,7653,7695,7719,7773) LIMIT 0,100
info2019/01/03 12:13:31 server.go:64: SELECT type,text,origin_imgurl,img_id,link_id,img_width FROM visual_editorial_banner ORDER BY id DESC,img_width ASC LIMIT 0,12
info2019/01/03 12:13:31 server.go:64: SELECT id,file_name from visual_editorial_pic_images where id in(534,532,538,535,533,531,530,529,528,527,537,536) LIMIT 0,12
